
> vite_react_shadcn_ts@0.0.0 dev
> vite --host 0.0.0.0


  [32m[1mVITE[22m v5.4.19[39m  [2mready in [0m[1m982[22m[2m[0m ms[22m

  [32m➜[39m  [1mLocal[22m:   [36mhttp://localhost:[1m8080[22m/[39m
  [32m➜[39m  [1mNetwork[22m: [36mhttp://192.168.100.152:[1m8080[22m/[39m
[2m22:45:23[22m [36m[1m[vite][22m[39m [32mhmr update [39m[2m/src/pages/Financeiro.tsx, /src/index.css, /src/pages/Configuracoes.tsx[22m
[2m22:45:23[22m [36m[1m[vite][22m[39m [32mhmr update [39m[2m/src/pages/Financeiro.tsx, /src/index.css, /src/pages/Configuracoes.tsx[22m
[2m22:55:55[22m [36m[1m[vite][22m[39m [32mpage reload [39m[2mindex.html[22m
[2m22:56:14[22m [36m[1m[vite][22m[39m [32mpage reload [39m[2mindex.html[22m
[2m22:58:29[22m [36m[1m[vite][22m[39m [32mpage reload [39m[2mindex.html[22m
[2m23:02:37[22m [36m[1m[vite][22m[39m [32mpage reload [39m[2mindex.html[22m
[2m23:02:57[22m [36m[1m[vite][22m[39m [32mpage reload [39m[2mindex.html[22m
[2m23:05:19[22m [36m[1m[vite][22m[39m [32mhmr update [39m[2m/src/components/AppLayout.tsx, /src/index.css[22m
[2m23:05:33[22m [36m[1m[vite][22m[39m [32mhmr update [39m[2m/src/App.tsx, /src/index.css[22m
[2m23:06:32[22m [36m[1m[vite][22m[39m [32mhmr update [39m[2m/src/index.css[22m
[2m23:09:15[22m [36m[1m[vite][22m[39m [32mhmr update [39m[2m/src/components/AppLayout.tsx, /src/index.css[22m
[2m23:09:15[22m [36m[1m[vite][22m[39m [32mhmr update [39m[2m/src/App.tsx, /src/index.css[22m
[2m23:09:17[22m [36m[1m[vite][22m[39m [32mhmr update [39m[2m/src/App.tsx, /src/index.css[22m
[2m23:09:17[22m [36m[1m[vite][22m[39m [32mhmr update [39m[2m/src/components/AppLayout.tsx, /src/index.css[22m
[2m23:09:32[22m [36m[1m[vite][22m[39m [32mhmr update [39m[2m/src/pages/Jarvis.tsx, /src/index.css[22m
[2m23:09:38[22m [36m[1m[vite][22m[39m [32mhmr update [39m[2m/src/components/jarvis/JarvisOrb.tsx, /src/index.css[22m
[2m23:09:42[22m [36m[1m[vite][22m[39m [32mpage reload [39m[2msrc/lib/jarvisOps.ts[22m
[2m23:09:49[22m [36m[1m[vite][22m[39m [32mpage reload [39m[2msrc/lib/jarvisService.ts[22m
[2m23:09:56[22m [36m[1m[vite][22m[39m [32mpage reload [39m[2msrc/lib/jarvisTools.ts[22m
[2m23:10:01[22m [36m[1m[vite][22m[39m [32mpage reload [39m[2msrc/hooks/useVoice.ts[22m
[2m23:11:50[22m [36m[1m[vite][22m[39m [32mhmr update [39m[2m/src/pages/Financeiro.tsx, /src/index.css[22m
[2m23:20:40[22m [36m[1m[vite][22m[39m [32mpage reload [39m[2mindex.html[22m
[2m23:20:42[22m [36m[1m[vite][22m[39m [32mpage reload [39m[2mindex.html[22m
[2m23:44:08[22m [36m[1m[vite][22m[39m [32mpage reload [39m[2mindex.html[22m
[2m23:45:34[22m [36m[1m[vite][22m[39m [32mhmr update [39m[2m/src/index.css[22m
[2m23:45:34[22m [36m[1m[vite][22m[39m [32mhmr update [39m[2m/src/components/AppLayout.tsx, /src/index.css[22m
[2m23:45:34[22m [36m[1m[vite][22m[39m [32mhmr update [39m[2m/src/components/AppLayout.tsx, /src/index.css, /src/pages/Dashboard.tsx, /src/pages/Diaristas.tsx, /src/pages/Financeiro.tsx, /src/pages/Configuracoes.tsx, /src/pages/Demandas.tsx[22m
[2m23:45:34[22m [36m[1m[vite][22m[39m [32mhmr update [39m[2m/src/pages/Auth.tsx, /src/index.css[22m
[2m23:45:34[22m [36m[1m[vite][22m[39m [32mhmr update [39m[2m/src/pages/Configuracoes.tsx, /src/index.css[22m
[2m23:45:34[22m [36m[1m[vite][22m[39m [32mhmr update [39m[2m/src/pages/Dashboard.tsx, /src/index.css[22m
[2m23:45:34[22m [36m[1m[vite][22m[39m [32mhmr update [39m[2m/src/pages/Demandas.tsx, /src/index.css[22m
[2m23:45:34[22m [36m[1m[vite][22m[39m [32mhmr update [39m[2m/src/pages/Diaristas.tsx, /src/index.css[22m
[2m23:45:34[22m [36m[1m[vite][22m[39m [32mhmr update [39m[2m/src/pages/Financeiro.tsx, /src/index.css[22m
[2m23:46:52[22m [36m[1m[vite][22m[39m [32mhmr update [39m[2m/src/components/AppLayout.tsx, /src/index.css[22m
[2m23:46:52[22m [36m[1m[vite][22m[39m [32mhmr update [39m[2m/src/components/AppLayout.tsx, /src/index.css, /src/pages/Dashboard.tsx, /src/pages/Diaristas.tsx, /src/pages/Financeiro.tsx, /src/pages/Configuracoes.tsx, /src/pages/Demandas.tsx[22m
[2m23:46:52[22m [36m[1m[vite][22m[39m [32mhmr update [39m[2m/src/pages/Auth.tsx, /src/index.css[22m
[2m23:46:52[22m [36m[1m[vite][22m[39m [32mhmr update [39m[2m/src/pages/Configuracoes.tsx, /src/index.css[22m
[2m23:46:52[22m [36m[1m[vite][22m[39m [32mhmr update [39m[2m/src/pages/Dashboard.tsx, /src/index.css[22m
[2m23:46:52[22m [36m[1m[vite][22m[39m [32mhmr update [39m[2m/src/pages/Demandas.tsx, /src/index.css[22m
[2m23:46:52[22m [36m[1m[vite][22m[39m [32mhmr update [39m[2m/src/pages/Diaristas.tsx, /src/index.css[22m
[2m23:46:52[22m [36m[1m[vite][22m[39m [32mhmr update [39m[2m/src/pages/Financeiro.tsx, /src/index.css[22m
